# JRE version: OpenJDK Runtime Environment (8.0_152-b06) (build 1.8.0_152-release-1136-b06)
# Java VM: OpenJDK 64-Bit Server VM (25.152-b06 mixed mode windows-amd64 compressed oops)
Heap:
 PSYoungGen      total 67072K, used 13139K [0x0000000719580000, 0x0000000720c00000, 0x00000007c0000000)
  eden space 61952K, 12% used [0x0000000719580000,0x0000000719d5b7f0,0x000000071d200000)
  from space 5120K, 99% used [0x000000071db80000,0x000000071e079560,0x000000071e080000)
  to   space 9728K, 0% used [0x000000071d200000,0x000000071d200000,0x000000071db80000)
 ParOldGen       total 60928K, used 9748K [0x00000005cc000000, 0x00000005cfb80000, 0x0000000719580000)
  object space 60928K, 16% used [0x00000005cc000000,0x00000005cc985320,0x00000005cfb80000)
 Metaspace       used 26887K, capacity 27474K, committed 27776K, reserved 1073152K
  class space    used 3689K, capacity 3846K, committed 3968K, reserved 1048576K
GC Heap History (10 events):
Event: 1.756 GC heap before
{Heap before GC invocations=3 (full 0):
 PSYoungGen      total 38400K, used 38396K [0x0000000719580000, 0x000000071c000000, 0x00000007c0000000)
  eden space 33280K, 100% used [0x0000000719580000,0x000000071b600000,0x000000071b600000)
  from space 5120K, 99% used [0x000000071bb00000,0x000000071bfff1d8,0x000000071c000000)
  to   space 5120K, 0% used [0x000000071b600000,0x000000071b600000,0x000000071bb00000)
 ParOldGen       total 87552K, used 224K [0x00000005cc000000, 0x00000005d1580000, 0x0000000719580000)
  object space 87552K, 0% used [0x00000005cc000000,0x00000005cc038138,0x00000005d1580000)
 Metaspace       used 14187K, capacity 14580K, committed 14720K, reserved 1062912K
  class space    used 1986K, capacity 2126K, committed 2176K, reserved 1048576K
Event: 1.772 GC heap after
Heap after GC invocations=3 (full 0):
 PSYoungGen      total 38400K, used 5091K [0x0000000719580000, 0x000000071e080000, 0x00000007c0000000)
  eden space 33280K, 0% used [0x0000000719580000,0x0000000719580000,0x000000071b600000)
  from space 5120K, 99% used [0x000000071b600000,0x000000071baf8e48,0x000000071bb00000)
  to   space 5120K, 0% used [0x000000071db80000,0x000000071db80000,0x000000071e080000)
 ParOldGen       total 87552K, used 2083K [0x00000005cc000000, 0x00000005d1580000, 0x0000000719580000)
  object space 87552K, 2% used [0x00000005cc000000,0x00000005cc208e28,0x00000005d1580000)
 Metaspace       used 14187K, capacity 14580K, committed 14720K, reserved 1062912K
  class space    used 1986K, capacity 2126K, committed 2176K, reserved 1048576K
}
Event: 2.473 GC heap before
{Heap before GC invocations=4 (full 0):
 PSYoungGen      total 38400K, used 38371K [0x0000000719580000, 0x000000071e080000, 0x00000007c0000000)
  eden space 33280K, 100% used [0x0000000719580000,0x000000071b600000,0x000000071b600000)
  from space 5120K, 99% used [0x000000071b600000,0x000000071baf8e48,0x000000071bb00000)
  to   space 5120K, 0% used [0x000000071db80000,0x000000071db80000,0x000000071e080000)
 ParOldGen       total 87552K, used 2083K [0x00000005cc000000, 0x00000005d1580000, 0x0000000719580000)
  object space 87552K, 2% used [0x00000005cc000000,0x00000005cc208e28,0x00000005d1580000)
 Metaspace       used 17314K, capacity 17782K, committed 18048K, reserved 1064960K
  class space    used 2505K, capacity 2653K, committed 2688K, reserved 1048576K
Event: 2.487 GC heap after
Heap after GC invocations=4 (full 0):
 PSYoungGen      total 71680K, used 5088K [0x0000000719580000, 0x000000071e080000, 0x00000007c0000000)
  eden space 66560K, 0% used [0x0000000719580000,0x0000000719580000,0x000000071d680000)
  from space 5120K, 99% used [0x000000071db80000,0x000000071e078040,0x000000071e080000)
  to   space 5120K, 0% used [0x000000071d680000,0x000000071d680000,0x000000071db80000)
 ParOldGen       total 87552K, used 5244K [0x00000005cc000000, 0x00000005d1580000, 0x0000000719580000)
  object space 87552K, 5% used [0x00000005cc000000,0x00000005cc51f218,0x00000005d1580000)
 Metaspace       used 17314K, capacity 17782K, committed 18048K, reserved 1064960K
  class space    used 2505K, capacity 2653K, committed 2688K, reserved 1048576K
}
Event: 2.772 GC heap before
{Heap before GC invocations=5 (full 0):
 PSYoungGen      total 71680K, used 23736K [0x0000000719580000, 0x000000071e080000, 0x00000007c0000000)
  eden space 66560K, 28% used [0x0000000719580000,0x000000071a7b61b8,0x000000071d680000)
  from space 5120K, 99% used [0x000000071db80000,0x000000071e078040,0x000000071e080000)
  to   space 5120K, 0% used [0x000000071d680000,0x000000071d680000,0x000000071db80000)
 ParOldGen       total 87552K, used 5244K [0x00000005cc000000, 0x00000005d1580000, 0x0000000719580000)
  object space 87552K, 5% used [0x00000005cc000000,0x00000005cc51f218,0x00000005d1580000)
 Metaspace       used 20756K, capacity 21204K, committed 21248K, reserved 1067008K
  class space    used 2906K, capacity 3043K, committed 3072K, reserved 1048576K
Event: 2.781 GC heap after
Heap after GC invocations=5 (full 0):
 PSYoungGen      total 71680K, used 5108K [0x0000000719580000, 0x000000071e080000, 0x00000007c0000000)
  eden space 66560K, 0% used [0x0000000719580000,0x0000000719580000,0x000000071d680000)
  from space 5120K, 99% used [0x000000071d680000,0x000000071db7d060,0x000000071db80000)
  to   space 5120K, 0% used [0x000000071db80000,0x000000071db80000,0x000000071e080000)
 ParOldGen       total 87552K, used 8078K [0x00000005cc000000, 0x00000005d1580000, 0x0000000719580000)
  object space 87552K, 9% used [0x00000005cc000000,0x00000005cc7e3b18,0x00000005d1580000)
 Metaspace       used 20756K, capacity 21204K, committed 21248K, reserved 1067008K
  class space    used 2906K, capacity 3043K, committed 3072K, reserved 1048576K
}
Event: 2.781 GC heap before
{Heap before GC invocations=6 (full 1):
 PSYoungGen      total 71680K, used 5108K [0x0000000719580000, 0x000000071e080000, 0x00000007c0000000)
  eden space 66560K, 0% used [0x0000000719580000,0x0000000719580000,0x000000071d680000)
  from space 5120K, 99% used [0x000000071d680000,0x000000071db7d060,0x000000071db80000)
  to   space 5120K, 0% used [0x000000071db80000,0x000000071db80000,0x000000071e080000)
 ParOldGen       total 87552K, used 8078K [0x00000005cc000000, 0x00000005d1580000, 0x0000000719580000)
  object space 87552K, 9% used [0x00000005cc000000,0x00000005cc7e3b18,0x00000005d1580000)
 Metaspace       used 20756K, capacity 21204K, committed 21248K, reserved 1067008K
  class space    used 2906K, capacity 3043K, committed 3072K, reserved 1048576K
Event: 2.824 GC heap after
Heap after GC invocations=6 (full 1):
 PSYoungGen      total 71680K, used 0K [0x0000000719580000, 0x000000071e080000, 0x00000007c0000000)
  eden space 66560K, 0% used [0x0000000719580000,0x0000000719580000,0x000000071d680000)
  from space 5120K, 0% used [0x000000071d680000,0x000000071d680000,0x000000071db80000)
  to   space 5120K, 0% used [0x000000071db80000,0x000000071db80000,0x000000071e080000)
 ParOldGen       total 60928K, used 8229K [0x00000005cc000000, 0x00000005cfb80000, 0x0000000719580000)
  object space 60928K, 13% used [0x00000005cc000000,0x00000005cc8096d0,0x00000005cfb80000)
 Metaspace       used 20756K, capacity 21204K, committed 21248K, reserved 1067008K
  class space    used 2906K, capacity 3043K, committed 3072K, reserved 1048576K
}
Event: 3.659 GC heap before
{Heap before GC invocations=7 (full 1):
 PSYoungGen      total 71680K, used 66560K [0x0000000719580000, 0x000000071e080000, 0x00000007c0000000)
  eden space 66560K, 100% used [0x0000000719580000,0x000000071d680000,0x000000071d680000)
  from space 5120K, 0% used [0x000000071d680000,0x000000071d680000,0x000000071db80000)
  to   space 5120K, 0% used [0x000000071db80000,0x000000071db80000,0x000000071e080000)
 ParOldGen       total 60928K, used 8229K [0x00000005cc000000, 0x00000005cfb80000, 0x0000000719580000)
  object space 60928K, 13% used [0x00000005cc000000,0x00000005cc8096d0,0x00000005cfb80000)
 Metaspace       used 26009K, capacity 26570K, committed 26752K, reserved 1073152K
  class space    used 3647K, capacity 3842K, committed 3968K, reserved 1048576K
Event: 3.667 GC heap after
Heap after GC invocations=7 (full 1):
 PSYoungGen      total 67072K, used 5093K [0x0000000719580000, 0x0000000720c00000, 0x00000007c0000000)
  eden space 61952K, 0% used [0x0000000719580000,0x0000000719580000,0x000000071d200000)
  from space 5120K, 99% used [0x000000071db80000,0x000000071e079560,0x000000071e080000)
  to   space 9728K, 0% used [0x000000071d200000,0x000000071d200000,0x000000071db80000)
 ParOldGen       total 60928K, used 9748K [0x00000005cc000000, 0x00000005cfb80000, 0x0000000719580000)
  object space 60928K, 16% used [0x00000005cc000000,0x00000005cc985320,0x00000005cfb80000)
 Metaspace       used 26009K, capacity 26570K, committed 26752K, reserved 1073152K
  class space    used 3647K, capacity 3842K, committed 3968K, reserved 1048576K
}

