# JRE version: OpenJDK Runtime Environment (8.0_152-b06) (build 1.8.0_152-release-1136-b06)
# Java VM: OpenJDK 64-Bit Server VM (25.152-b06 mixed mode windows-amd64 compressed oops)
Heap:
 PSYoungGen      total 108032K, used 35515K [0x0000000719580000, 0x0000000720d80000, 0x00000007c0000000)
  eden space 96256K, 24% used [0x0000000719580000,0x000000071acb0e60,0x000000071f380000)
  from space 11776K, 99% used [0x0000000720080000,0x0000000720bfdf58,0x0000000720c00000)
  to   space 13312K, 0% used [0x000000071f380000,0x000000071f380000,0x0000000720080000)
 ParOldGen       total 66048K, used 18336K [0x00000005cc000000, 0x00000005d0080000, 0x0000000719580000)
  object space 66048K, 27% used [0x00000005cc000000,0x00000005cd1e8188,0x00000005d0080000)
 Metaspace       used 44612K, capacity 45672K, committed 45912K, reserved 1089536K
  class space    used 6100K, capacity 6432K, committed 6488K, reserved 1048576K
GC Heap History (10 events):
Event: 4.992 GC heap before
{Heap before GC invocations=8 (full 1):
 PSYoungGen      total 67072K, used 67064K [0x0000000719580000, 0x0000000720200000, 0x00000007c0000000)
  eden space 61952K, 100% used [0x0000000719580000,0x000000071d200000,0x000000071d200000)
  from space 5120K, 99% used [0x000000071db80000,0x000000071e07e3f0,0x000000071e080000)
  to   space 9728K, 0% used [0x000000071d200000,0x000000071d200000,0x000000071db80000)
 ParOldGen       total 66048K, used 9811K [0x00000005cc000000, 0x00000005d0080000, 0x0000000719580000)
  object space 66048K, 14% used [0x00000005cc000000,0x00000005cc994c40,0x00000005d0080000)
 Metaspace       used 29930K, capacity 30552K, committed 30848K, reserved 1075200K
  class space    used 4210K, capacity 4421K, committed 4480K, reserved 1048576K
Event: 5.003 GC heap after
Heap after GC invocations=8 (full 1):
 PSYoungGen      total 71680K, used 9268K [0x0000000719580000, 0x000000071fc80000, 0x00000007c0000000)
  eden space 61952K, 0% used [0x0000000719580000,0x0000000719580000,0x000000071d200000)
  from space 9728K, 95% used [0x000000071d200000,0x000000071db0d0e0,0x000000071db80000)
  to   space 10752K, 0% used [0x000000071f200000,0x000000071f200000,0x000000071fc80000)
 ParOldGen       total 66048K, used 9819K [0x00000005cc000000, 0x00000005d0080000, 0x0000000719580000)
  object space 66048K, 14% used [0x00000005cc000000,0x00000005cc996c40,0x00000005d0080000)
 Metaspace       used 29930K, capacity 30552K, committed 30848K, reserved 1075200K
  class space    used 4210K, capacity 4421K, committed 4480K, reserved 1048576K
}
Event: 6.288 GC heap before
{Heap before GC invocations=9 (full 1):
 PSYoungGen      total 71680K, used 53216K [0x0000000719580000, 0x000000071fc80000, 0x00000007c0000000)
  eden space 61952K, 70% used [0x0000000719580000,0x000000071c06b318,0x000000071d200000)
  from space 9728K, 95% used [0x000000071d200000,0x000000071db0d0e0,0x000000071db80000)
  to   space 10752K, 0% used [0x000000071f200000,0x000000071f200000,0x000000071fc80000)
 ParOldGen       total 66048K, used 9819K [0x00000005cc000000, 0x00000005d0080000, 0x0000000719580000)
  object space 66048K, 14% used [0x00000005cc000000,0x00000005cc996c40,0x00000005d0080000)
 Metaspace       used 34594K, capacity 35276K, committed 35416K, reserved 1079296K
  class space    used 4863K, capacity 5125K, committed 5208K, reserved 1048576K
Event: 6.300 GC heap after
Heap after GC invocations=9 (full 1):
 PSYoungGen      total 93184K, used 10721K [0x0000000719580000, 0x000000071fe80000, 0x00000007c0000000)
  eden space 82432K, 0% used [0x0000000719580000,0x0000000719580000,0x000000071e600000)
  from space 10752K, 99% used [0x000000071f200000,0x000000071fc78728,0x000000071fc80000)
  to   space 12288K, 0% used [0x000000071e600000,0x000000071e600000,0x000000071f200000)
 ParOldGen       total 66048K, used 10492K [0x00000005cc000000, 0x00000005d0080000, 0x0000000719580000)
  object space 66048K, 15% used [0x00000005cc000000,0x00000005cca3f1e0,0x00000005d0080000)
 Metaspace       used 34594K, capacity 35276K, committed 35416K, reserved 1079296K
  class space    used 4863K, capacity 5125K, committed 5208K, reserved 1048576K
}
Event: 6.300 GC heap before
{Heap before GC invocations=10 (full 2):
 PSYoungGen      total 93184K, used 10721K [0x0000000719580000, 0x000000071fe80000, 0x00000007c0000000)
  eden space 82432K, 0% used [0x0000000719580000,0x0000000719580000,0x000000071e600000)
  from space 10752K, 99% used [0x000000071f200000,0x000000071fc78728,0x000000071fc80000)
  to   space 12288K, 0% used [0x000000071e600000,0x000000071e600000,0x000000071f200000)
 ParOldGen       total 66048K, used 10492K [0x00000005cc000000, 0x00000005d0080000, 0x0000000719580000)
  object space 66048K, 15% used [0x00000005cc000000,0x00000005cca3f1e0,0x00000005d0080000)
 Metaspace       used 34594K, capacity 35276K, committed 35416K, reserved 1079296K
  class space    used 4863K, capacity 5125K, committed 5208K, reserved 1048576K
Event: 6.382 GC heap after
Heap after GC invocations=10 (full 2):
 PSYoungGen      total 93184K, used 0K [0x0000000719580000, 0x000000071fe80000, 0x00000007c0000000)
  eden space 82432K, 0% used [0x0000000719580000,0x0000000719580000,0x000000071e600000)
  from space 10752K, 0% used [0x000000071f200000,0x000000071f200000,0x000000071fc80000)
  to   space 12288K, 0% used [0x000000071e600000,0x000000071e600000,0x000000071f200000)
 ParOldGen       total 66048K, used 17770K [0x00000005cc000000, 0x00000005d0080000, 0x0000000719580000)
  object space 66048K, 26% used [0x00000005cc000000,0x00000005cd15abd8,0x00000005d0080000)
 Metaspace       used 34594K, capacity 35276K, committed 35416K, reserved 1079296K
  class space    used 4863K, capacity 5125K, committed 5208K, reserved 1048576K
}
Event: 7.434 GC heap before
{Heap before GC invocations=11 (full 2):
 PSYoungGen      total 93184K, used 82432K [0x0000000719580000, 0x000000071fe80000, 0x00000007c0000000)
  eden space 82432K, 100% used [0x0000000719580000,0x000000071e600000,0x000000071e600000)
  from space 10752K, 0% used [0x000000071f200000,0x000000071f200000,0x000000071fc80000)
  to   space 12288K, 0% used [0x000000071e600000,0x000000071e600000,0x000000071f200000)
 ParOldGen       total 66048K, used 17770K [0x00000005cc000000, 0x00000005d0080000, 0x0000000719580000)
  object space 66048K, 26% used [0x00000005cc000000,0x00000005cd15abd8,0x00000005d0080000)
 Metaspace       used 39979K, capacity 40766K, committed 41176K, reserved 1085440K
  class space    used 5476K, capacity 5758K, committed 5848K, reserved 1048576K
Event: 7.442 GC heap after
Heap after GC invocations=11 (full 2):
 PSYoungGen      total 94720K, used 8329K [0x0000000719580000, 0x0000000720c00000, 0x00000007c0000000)
  eden space 82432K, 0% used [0x0000000719580000,0x0000000719580000,0x000000071e600000)
  from space 12288K, 67% used [0x000000071e600000,0x000000071ee22790,0x000000071f200000)
  to   space 11776K, 0% used [0x0000000720080000,0x0000000720080000,0x0000000720c00000)
 ParOldGen       total 66048K, used 17778K [0x00000005cc000000, 0x00000005d0080000, 0x0000000719580000)
  object space 66048K, 26% used [0x00000005cc000000,0x00000005cd15cbd8,0x00000005d0080000)
 Metaspace       used 39979K, capacity 40766K, committed 41176K, reserved 1085440K
  class space    used 5476K, capacity 5758K, committed 5848K, reserved 1048576K
}
Event: 9.345 GC heap before
{Heap before GC invocations=12 (full 2):
 PSYoungGen      total 94720K, used 90761K [0x0000000719580000, 0x0000000720c00000, 0x00000007c0000000)
  eden space 82432K, 100% used [0x0000000719580000,0x000000071e600000,0x000000071e600000)
  from space 12288K, 67% used [0x000000071e600000,0x000000071ee22790,0x000000071f200000)
  to   space 11776K, 0% used [0x0000000720080000,0x0000000720080000,0x0000000720c00000)
 ParOldGen       total 66048K, used 17778K [0x00000005cc000000, 0x00000005d0080000, 0x0000000719580000)
  object space 66048K, 26% used [0x00000005cc000000,0x00000005cd15cbd8,0x00000005d0080000)
 Metaspace       used 43283K, capacity 44330K, committed 44632K, reserved 1087488K
  class space    used 5879K, capacity 6203K, committed 6232K, reserved 1048576K
Event: 9.356 GC heap after
Heap after GC invocations=12 (full 2):
 PSYoungGen      total 108032K, used 11767K [0x0000000719580000, 0x0000000720d80000, 0x00000007c0000000)
  eden space 96256K, 0% used [0x0000000719580000,0x0000000719580000,0x000000071f380000)
  from space 11776K, 99% used [0x0000000720080000,0x0000000720bfdf58,0x0000000720c00000)
  to   space 13312K, 0% used [0x000000071f380000,0x000000071f380000,0x0000000720080000)
 ParOldGen       total 66048K, used 18336K [0x00000005cc000000, 0x00000005d0080000, 0x0000000719580000)
  object space 66048K, 27% used [0x00000005cc000000,0x00000005cd1e8188,0x00000005d0080000)
 Metaspace       used 43283K, capacity 44330K, committed 44632K, reserved 1087488K
  class space    used 5879K, capacity 6203K, committed 6232K, reserved 1048576K
}

